<?xml version="1.0" encoding="UTF-8"?>
<nodeTypes xmlns:nt="http://www.jcp.org/jcr/nt/1.0" xmlns:mix="http://www.jcp.org/jcr/mix/1.0"
  xmlns:jcr="http://www.jcp.org/jcr/1.0">

  <!-- Nodetypes for tests -->

  <nodeType name="exo:trashFolder" isMixin="true" hasOrderableChildNodes="false" primaryItemName="">
  </nodeType>
  
</nodeTypes>