<?xml version="1.0" encoding="ISO-8859-1"?>
<configuration xmlns:xsi="http://www.w3.org/2001/XMLSchema-instance"
  xsi:schemaLocation="http://www.exoplatform.org/xml/ns/kernel_1_2.xsd http://www.exoplatform.org/xml/ns/kernel_1_2.xsd"
  xmlns="http://www.exoplatform.org/xml/ns/kernel_1_2.xsd">

  <component>
    <type>org.exoplatform.groovyscript.text.TemplateStatisticService</type>
    <init-params>
      <value-param>
        <name>name</name>
        <value>false</value>
      </value-param>
    </init-params>
  </component>
  <component>
    <type>org.exoplatform.groovyscript.text.TemplateService</type>
  </component>
      
  <component>
    <key>org.exoplatform.webui.ext.UIExtensionManager</key>
    <type>org.exoplatform.webui.ext.impl.UIExtensionManagerImpl</type>
  </component>

  <external-component-plugins>
    <target-component>org.exoplatform.services.jcr.ext.hierarchy.NodeHierarchyCreator</target-component>
    <component-plugin>
      <name>addUserPaths</name>
      <set-method>addPlugin</set-method>
      <type>org.exoplatform.services.jcr.ext.hierarchy.impl.UserAddPathPlugin</type>
      <init-params>
        <object-param>
          <name>configuration</name>
          <description>description</description>
          <object
            type="org.exoplatform.services.jcr.ext.hierarchy.impl.HierarchyConfig">
            <field name="workspaces">
              <collection type="java.util.ArrayList">
                <value>
                  <string>collaboration</string>
                </value>
              </collection>
            </field>
            <field name="jcrPaths">
              <collection type="java.util.ArrayList">
                <value>
                  <object
                    type="org.exoplatform.services.jcr.ext.hierarchy.impl.HierarchyConfig$JcrPath">
                    <field name="alias">
                      <string>userApplicationData</string>
                    </field>
                    <field name="path">
                      <string>ApplicationData</string>
                    </field>
                    <field name="nodeType">
                      <string>nt:unstructured</string>
                    </field>
                    <field name="permissions">
                      <collection type="java.util.ArrayList">
                        <value>
                          <object
                            type="org.exoplatform.services.jcr.ext.hierarchy.impl.HierarchyConfig$Permission">
                            <field name="identity">
                              <string>*:/platform/administrators</string>
                            </field>
                            <field name="read">
                              <string>true</string>
                            </field>
                            <field name="addNode">
                              <string>true</string>
                            </field>
                            <field name="setProperty">
                              <string>true</string>
                            </field>
                            <field name="remove">
                              <string>true</string>
                            </field>
                          </object>
                        </value>
                      </collection>
                    </field>
                    <field name="mixinTypes">
                      <collection type="java.util.ArrayList">
                        <value>
                          <string>exo:hiddenable</string>
                        </value>
                      </collection>
                    </field>
                  </object>
                </value>
                <value>
                  <object
                    type="org.exoplatform.services.jcr.ext.hierarchy.impl.HierarchyConfig$JcrPath">
                    <field name="alias">
                      <string>userPrivate</string>
                    </field>
                    <field name="path">
                      <string>Private</string>
                    </field>
                    <field name="nodeType">
                      <string>nt:unstructured</string>
                    </field>
                  </object>
                </value>
                <value>
                  <object
                    type="org.exoplatform.services.jcr.ext.hierarchy.impl.HierarchyConfig$JcrPath">
                    <field name="alias">
                      <string>userPrivateDocuments</string>
                    </field>
                    <field name="path">
                      <string>Private/Documents</string>
                    </field>
                    <field name="mixinTypes">
                      <collection type="java.util.ArrayList">
                      </collection>
                    </field>
                  </object>
                </value>
                <value>
                  <object
                    type="org.exoplatform.services.jcr.ext.hierarchy.impl.HierarchyConfig$JcrPath">
                    <field name="alias">
                      <string>userPrivateVideo</string>
                    </field>
                    <field name="path">
                      <string>Private/Videos</string>
                    </field>
                    <field name="mixinTypes">
                      <collection type="java.util.ArrayList">
                      </collection>
                    </field>
                  </object>
                </value>
                <value>
                  <object
                    type="org.exoplatform.services.jcr.ext.hierarchy.impl.HierarchyConfig$JcrPath">
                    <field name="alias">
                      <string>userPrivateAudio</string>
                    </field>
                    <field name="path">
                      <string>Private/Music</string>
                    </field>
                    <field name="mixinTypes">
                      <collection type="java.util.ArrayList">
                      </collection>
                    </field>
                  </object>
                </value>
                <value>
                  <object
                    type="org.exoplatform.services.jcr.ext.hierarchy.impl.HierarchyConfig$JcrPath">
                    <field name="alias">
                      <string>userPrivatePicture</string>
                    </field>
                    <field name="path">
                      <string>Private/Pictures</string>
                    </field>
                    <field name="mixinTypes">
                      <collection type="java.util.ArrayList">
                      </collection>
                    </field>
                  </object>
                </value>
                <value>
                  <object
                    type="org.exoplatform.services.jcr.ext.hierarchy.impl.HierarchyConfig$JcrPath">
                    <field name="alias">
                      <string>userPrivateSearches</string>
                    </field>
                    <field name="path">
                      <string>Private/Searches</string>
                    </field>
                    <field name="mixinTypes">
                      <collection type="java.util.ArrayList">
                      </collection>
                    </field>
                  </object>
                </value>
                <value>
                  <object
                    type="org.exoplatform.services.jcr.ext.hierarchy.impl.HierarchyConfig$JcrPath">
                    <field name="alias">
                      <string>userPrivateFavorites</string>
                    </field>
                    <field name="path">
                      <string>Private/Favorites</string>
                    </field>
                    <field name="mixinTypes">
                      <collection type="java.util.ArrayList">
                      </collection>
                    </field>
                  </object>
                </value>
                <value>
                  <object
                    type="org.exoplatform.services.jcr.ext.hierarchy.impl.HierarchyConfig$JcrPath">
                    <field name="alias">
                      <string>userPrivateFolksonomy</string>
                    </field>
                    <field name="path">
                      <string>Private/Folksonomy</string>
                    </field>
                    <field name="mixinTypes">
                      <collection type="java.util.ArrayList">
                      </collection>
                    </field>
                  </object>
                </value>
                <value>
                  <object
                    type="org.exoplatform.services.jcr.ext.hierarchy.impl.HierarchyConfig$JcrPath">
                    <field name="alias">
                      <string>userPublic</string>
                    </field>
                    <field name="path">
                      <string>Public</string>
                    </field>
                    <field name="nodeType">
                      <string>nt:unstructured</string>
                    </field>
                    <field name="permissions">
                      <collection type="java.util.ArrayList">
                        <value>
                          <object
                            type="org.exoplatform.services.jcr.ext.hierarchy.impl.HierarchyConfig$Permission">
                            <field name="identity">
                              <string>any</string>
                            </field>
                            <field name="read">
                              <string>true</string>
                            </field>
                            <field name="addNode">
                              <string>false</string>
                            </field>
                            <field name="setProperty">
                              <string>true</string>
                            </field>
                            <field name="remove">
                              <string>false</string>
                            </field>
                          </object>
                        </value>
                      </collection>
                    </field>
                  </object>
                </value>
              </collection>
            </field>
            <field name="jcrLinks">
              <collection type="java.util.ArrayList">
                <value>
                  <object type="org.exoplatform.services.jcr.ext.hierarchy.impl.HierarchyConfig$JcrLink">                 
                    <field name="sourcePath"><string>Public</string></field>
                    <field name="targetPath"><string>Private/Public</string></field>
                  </object>
                </value>
             </collection>
            </field>
          </object>
        </object-param>
      </init-params>
     </component-plugin>
  </external-component-plugins>
   
  <import>classpath:/conf/standalone/wcm/test-taxonomies-configuration.xml</import>
  <import>classpath:/conf/standalone/wcm/test-dms-actions-configuration.xml</import>
  <import>classpath:/conf/standalone/wcm/test-templates-configuration.xml</import>
  <import>classpath:/conf/standalone/wcm/test-wcmcontentinitialize-configuration.xml</import>
  <import>classpath:/conf/standalone/wcm/test-drives-configuration.xml</import>
  <import>classpath:/conf/standalone/wcm/test-metadata-configuration.xml</import>
  <import>classpath:/conf/standalone/wcm/test-folksonomy-configuration.xml</import>
  <import>classpath:/conf/standalone/wcm/cms-configuration.xml</import>
  <import>classpath:/conf/standalone/wcm/test-queries-configuration.xml</import>
  <import>classpath:/conf/standalone/wcm/test-dms-views-configuration.xml</import>
  <import>classpath:/conf/standalone/wcm/test-scripts-configuration.xml</import>
  <import>classpath:/conf/standalone/wcm/jcr-component-plugins-configuration.xml</import>
  <import>classpath:/conf/standalone/wcm/dms-document-type-configuration.xml</import>
  <import>classpath:/conf/standalone/wcm/document-autoversioning.xml</import>
  <import>classpath:/conf/standalone/wcm/test-configuration.xml</import>
</configuration>
