<?xml version="1.0" encoding="ISO-8859-1"?>

<configuration
   xmlns:xsi="http://www.w3.org/2001/XMLSchema-instance"
   xsi:schemaLocation="http://www.exoplatform.org/xml/ns/kernel_1_2.xsd http://www.exoplatform.org/xml/ns/kernel_1_2.xsd"
   xmlns="http://www.exoplatform.org/xml/ns/kernel_1_2.xsd">

  <component>
    <key>org.exoplatform.services.wcm.core.WCMService</key>
    <type>org.exoplatform.services.wcm.core.impl.WCMServiceImpl</type>
    <init-params>
      <properties-param>
        <name>server.config</name>
        <description>server.config</description>
        <property name="expirationCache" value="30" />
      </properties-param>
    </init-params>
  </component>
  <component>
    <type>org.exoplatform.services.cms.jcrext.activity.ActivityCommonService</type>
    <init-params>
      <value-param>
        <name>acceptedNodeTypes</name>
        <value>{exo:accessibleMedia}{exo:article}{exo:contact_us}{exo:event}{exo:htmlFile}{rma:filePlan}{exo:webContent}{kfx:document}{exo:pictureOnHeadWebcontent}{exo:podcast}{exo:sample}{exo:link}</value>
      </value-param>
      <value-param>
        <name>acceptedProperties</name>
        <value>{dc:title}{dc:description}{dc:creator}{dc:source}{exo:summary}{exo:title}{exo:language}{exo:text}</value>
      </value-param>
      <value-param>
        <name>acceptedFileProperties</name>
        <value>{dc:title}{dc:description}{dc:creator}{dc:source}{exo:summary}{exo:title}{exo:language}{jcr:data}</value>
      </value-param>
    </init-params>
  </component>
  <component>
    <key>org.exoplatform.services.cms.link.LinkManager</key>
    <type>org.exoplatform.services.cms.link.impl.LinkManagerImpl</type>
  </component>
  
    <component>
      <key>org.exoplatform.services.resources.ResourceBundleService</key>
      <type>org.exoplatform.services.resources.impl.SimpleResourceBundleService</type>
        <init-params>
          <values-param>
            <name>classpath.resources</name>
            <description>The resources  that start with the following package name should be load from file system</description>
            <value>locale.portlet.publication</value>
          </values-param>

          <values-param>
            <name>init.resources</name>
            <description>Store the following resources into the db for  the first launch </description>
            <value>locale.services.publication.lifecycle.stageversion.StageAndVersionPublication</value>
            <value>locale.services.publication.lifecycle.simple.SimplePublication</value>
          </values-param>
          <values-param>
            <name>portal.resource.names</name>
            <description>The properties files of  the portal ,  those file will be merged
              into one ResourceBundle properties </description>
            <value>locale.services.publication.lifecycle.stageversion.StageAndVersionPublication</value>            
            <value>locale.services.publication.lifecycle.simple.SimplePublication</value>
          </values-param>
        </init-params>
    </component>
  
   <component>
    <key>org.exoplatform.services.cms.documents.TrashService</key>  
    <type>org.exoplatform.services.cms.documents.impl.TrashServiceImpl</type>
    <init-params>
      <value-param>
        <name>trashWorkspace</name>
        <value>collaboration</value>
      </value-param>
      <value-param>
        <name>trashHomeNodePath</name>
        <value>/Trash</value>
      </value-param>
    </init-params>    
  </component>
  
  <component>
    <key>org.exoplatform.services.cms.taxonomy.TaxonomyService</key>
    <type>org.exoplatform.services.cms.taxonomy.impl.TaxonomyServiceImpl</type>
    <init-params>
      <object-param>
        <name>defaultPermission.configuration</name>
        <object type="org.exoplatform.services.cms.taxonomy.impl.TaxonomyTreeDefaultUserPermission">
          <field name="permissions">
            <collection type="java.util.ArrayList">
              <value>
                <object type="org.exoplatform.services.cms.taxonomy.impl.TaxonomyTreeDefaultUserPermission$Permission">
                  <field name="identity">
                    <string>*:/platform/administrators</string>
                  </field>
                  <field name="read">
                    <string>true</string>
                  </field>
                  <field name="addNode">
                    <string>true</string>
                  </field>
                  <field name="setProperty">
                    <string>true</string>
                  </field>
                  <field name="remove">
                    <string>true</string>
                  </field>
                </object>
              </value>
              <value>
                <object type="org.exoplatform.services.cms.taxonomy.impl.TaxonomyTreeDefaultUserPermission$Permission">
                  <field name="identity">
                    <string>*:/platform/users</string>
                  </field>
                  <field name="read">
                    <string>true</string>
                  </field>
                  <field name="addNode">
                    <string>true</string>
                  </field>
                  <field name="setProperty">
                    <string>true</string>
                  </field>
                  <field name="remove">
                    <string>false</string>
                  </field>
                </object>
              </value>
            </collection>
          </field>
        </object>
      </object-param>
    </init-params>
  </component>
  
   <component>
    <type>org.exoplatform.services.cms.impl.DMSConfiguration</type>
  </component>  
  
  <component>
    <key>org.exoplatform.services.ecm.publication.PublicationService</key>
    <type>org.exoplatform.services.ecm.publication.impl.PublicationServiceImpl</type>
  </component>

  <component>
    <key>org.exoplatform.services.ecm.publication.PublicationPresentationService</key>
    <type>org.exoplatform.services.ecm.publication.impl.PublicationPresentationServiceImpl</type>
  </component> 
	
 <component>
    <key>org.exoplatform.services.wcm.publication.WCMPublicationService</key>
    <type>org.exoplatform.services.wcm.publication.WCMPublicationServiceImpl</type>
  </component>

  <component>
    <key>org.exoplatform.services.wcm.publication.WCMComposer</key>
    <type>org.exoplatform.services.wcm.publication.WCMComposerImpl</type>
  </component>

  <component>
    <key>org.exoplatform.services.cache.CacheService</key>
    <jmx-name>cache:type=CacheService</jmx-name>
    <type>org.exoplatform.services.cache.impl.CacheServiceImpl</type>
    <init-params>
      <object-param>
        <name>cache.config.default</name>
        <object type="org.exoplatform.services.cache.ExoCacheConfig">
          <field name="name"><string>default</string></field>
          <field name="maxSize"><int>30000</int></field>
          <field name="liveTime"><long>60000</long></field>
          <field name="distributed"><boolean>false</boolean></field>
          <field name="implementation"><string>org.exoplatform.services.cache.concurrent.ConcurrentFIFOExoCache</string></field>
        </object>
      </object-param>
    </init-params>
  </component>
  
  <component>
     <key>org.exoplatform.services.jcr.ext.distribution.DataDistributionManager</key>
     <type>org.exoplatform.services.jcr.ext.distribution.impl.DataDistributionManagerImpl</type>
  </component>

  <component>
     <key>org.exoplatform.services.jcr.ext.hierarchy.NodeHierarchyCreator</key>
     <type>org.exoplatform.services.jcr.ext.hierarchy.impl.NodeHierarchyCreatorImpl</type>
  </component>

  <component>
    <key>org.exoplatform.services.wcm.core.WCMConfigurationService</key>
    <type>org.exoplatform.services.wcm.core.WCMConfigurationService</type>
    <init-params>
      <properties-param>
        <name>RuntimeContextParams</name>
        <description>some params for runtime</description>

        <property name="parameterizedPageURI" value="/detail" />
        <property name="printPageURI" value="/printviewer" />
        <property name="printViewerPage" value="printviewer" />

        <property name="CLVPortlet" value="/presentation/ContentListViewerPortlet" />
        <property name="SCVPortlet" value="/presentation/SingleContentViewer" />

        <property name="formViewTemplatePath" value="/exo:ecm/views/templates/content-list-viewer/list/UIContentListPresentationDefault.gtmpl" />
        <property name="paginatorTemplatePath" value="/exo:ecm/views/templates/content-list-viewer/paginators/DefaultPaginator.gtmpl" />
      </properties-param>
      <properties-param>
        <name>share.portal.config</name>
        <description>share portal name for each repository</description>
        <property name="portalName" value="shared" />
      </properties-param>
      <object-param>
        <name>live.portals.location.config</name>
        <description>configuration for the cms path</description>
        <object type="org.exoplatform.services.wcm.core.NodeLocation">
          <field name="repository">
            <string>repository</string>
          </field>
          <field name="workspace">
            <string>collaboration</string>
          </field>
          <field name="path">
            <string>/sites content/live</string>
          </field>
        </object>
      </object-param>
      <object-param>
        <name>site.drive.config</name>
        <description>drive config for each site drive</description>
        <object type="org.exoplatform.services.cms.drives.DriveData">
          <field name="name">
            <string>{siteName}</string>
          </field>
          <field name="workspace">
            <string>{workspace}</string>
          </field>
          <field name="permissions">
            <string>{accessPermission}</string>
          </field>
          <field name="homePath">
            <string>{sitePath}/categories/{siteName}</string>
          </field>
          <field name="icon">
            <string></string>
          </field>
          <field name="views">
            <string>wcm-category-view</string>
          </field>
          <field name="viewPreferences">
            <boolean>false</boolean>
          </field>
          <field name="viewNonDocument">
            <boolean>true</boolean>
          </field>
          <field name="viewSideBar">
            <boolean>true</boolean>
          </field>
          <field name="showHiddenNode">
            <boolean>false</boolean>
          </field>
          <field name="allowCreateFolders">
            <string>Both</string>
          </field>
          <field name="allowNodeTypesOnTree"><string>*</string></field>
        </object>
      </object-param>
    </init-params>
  </component>

  <external-component-plugins>
    <target-component>org.exoplatform.services.jcr.RepositoryService</target-component>
    <component-plugin>
      <name>add.namespaces</name>
      <set-method>addPlugin</set-method>
      <type>org.exoplatform.services.jcr.impl.AddNamespacesPlugin</type>
      <init-params>
        <properties-param>
          <name>namespaces</name>
          <property name="gtn" value="http://www.gatein.org/jcr/gatein/1.0/"/>
          <property name="mop" value="http://www.gatein.org/jcr/mop/1.0/"/>
          </properties-param>
      </init-params>
    </component-plugin>
    <component-plugin>
      <name>add.nodeType</name>
      <set-method>addPlugin</set-method>
      <type>org.exoplatform.services.jcr.impl.AddNodeTypePlugin</type>
      <init-params>
        <values-param>
          <name>autoCreatedInNewRepository</name>
           <value>jar:/conf/wcm/test-mop-nodetypes.xml</value>
        </values-param>
      </init-params>
    </component-plugin>
  </external-component-plugins>

  <external-component-plugins>
    <target-component>org.exoplatform.services.organization.OrganizationService</target-component>
    <component-plugin>
      <name>new.user.event.listener</name>
      <set-method>addListenerPlugin</set-method>
      <type>org.exoplatform.services.organization.impl.NewUserEventListener</type>
      <init-params>
        <object-param>
          <name>configuration</name>
          <object type="org.exoplatform.services.organization.impl.NewUserConfig">
            <field  name="group">
              <collection type="java.util.ArrayList">
                <value>
                  <object type="org.exoplatform.services.organization.impl.NewUserConfig$JoinGroup">
                    <field  name="groupId"><string>/platform/users</string></field>
                    <field  name="membership"><string>member</string></field>
                  </object>
                </value>
              </collection>
            </field>
            <field  name="ignoredUser">
              <collection type="java.util.HashSet">
                <value><string>root</string></value>
                <value><string>john</string></value>
                <value><string>mary</string></value>
                <value><string>demo</string></value>
              </collection>
            </field>
          </object>
        </object-param>
      </init-params>
    </component-plugin>
  </external-component-plugins>

  <external-component-plugins>
    <target-component>org.exoplatform.services.cms.impl.DMSConfiguration</target-component>
    <component-plugin>
      <name>dmsconfiguration.plugin</name>
      <set-method>addPlugin</set-method>
      <type>org.exoplatform.services.cms.impl.DMSRepositoryConfiguration</type>
      <description>DMS Repository configuration</description>
      <init-params>
        <value-param>
          <name>systemWorkspace</name>
          <value>dms-system</value>
        </value-param>
      </init-params>
    </component-plugin>
  </external-component-plugins>

  <external-component-plugins>
    <!-- The full qualified name of the ResourceBundleService -->
    <target-component>org.exoplatform.services.resources.ResourceBundleService</target-component>
    <component-plugin>
      <!-- The name of the plugin -->
      <name>ResourceBundle Plugin</name>
      <!-- The name of the method to call on the ResourceBundleService in order to register the ResourceBundles -->
      <set-method>addResourceBundle</set-method>
      <!-- The full qualified name of the BaseResourceBundlePlugin -->
      <type>org.exoplatform.services.resources.impl.BaseResourceBundlePlugin</type>
      <init-params>
        <values-param>
          <name>init.resources</name>
          <description>Store the following resources into the db for the first launch </description>
          <value>locale.services.publication.lifecycle.stageversion.StageAndVersionPublication</value>					
          <value>locale.services.publication.lifecycle.simple.SimplePublication</value>
        </values-param>
        <values-param>
          <name>portal.resource.names</name>
          <description>Store the following resources into the db for the first launch </description>
          <value>locale.services.publication.lifecycle.stageversion.StageAndVersionPublication</value>					
          <value>locale.services.publication.lifecycle.simple.SimplePublication</value>
        </values-param>
      </init-params>
    </component-plugin>
  </external-component-plugins>

</configuration>
