<!--

    Copyright (C) 2009 eXo Platform SAS.
    
    This is free software; you can redistribute it and/or modify it
    under the terms of the GNU Lesser General Public License as
    published by the Free Software Foundation; either version 2.1 of
    the License, or (at your option) any later version.
    
    This software is distributed in the hope that it will be useful,
    but WITHOUT ANY WARRANTY; without even the implied warranty of
    MERCHANTABILITY or FITNESS FOR A PARTICULAR PURPOSE. See the GNU
    Lesser General Public License for more details.
    
    You should have received a copy of the GNU Lesser General Public
    License along with this software; if not, write to the Free
    Software Foundation, Inc., 51 Franklin St, Fifth Floor, Boston, MA
    02110-1301 USA, or see the FSF site: http://www.fsf.org.

-->

<nodeTypes 
   xmlns:nt="http://www.jcp.org/jcr/nt/1.0" 
   xmlns:mix="http://www.jcp.org/jcr/mix/1.0" 
   xmlns:jcr="http://www.jcp.org/jcr/1.0" 
   xmlns:exo="http://www.exoplatform.com/jcr/exo/1.0">
   
  <nodeType name="mix:fileType" isMixin="true" hasOrderableChildNodes="false" primaryItemName="">
  	<propertyDefinitions>
      <propertyDefinition name="exo:fileType" requiredType="String" autoCreated="false" mandatory="false"
        onParentVersion="COPY" protected="false" multiple="false">
        <valueConstraints/>
      </propertyDefinition>
    </propertyDefinitions>
  </nodeType>
   
 	<nodeType name="exo:seoMetadata" isMixin="true" hasOrderableChildNodes="false">
    <propertyDefinitions/>
    <childNodeDefinitions>
      <childNodeDefinition name="seo-languages" defaultPrimaryType="nt:unstructured" autoCreated="false" mandatory="false" onParentVersion="VERSION" protected="false" sameNameSiblings="false">
        <requiredPrimaryTypes>
          <requiredPrimaryType>nt:unstructured</requiredPrimaryType>
        </requiredPrimaryTypes>
      </childNodeDefinition>
    </childNodeDefinitions>
  </nodeType>
  
        	  

  <!-- nodeType name="exo:twoColumnsWebcontent" isMixin="false" hasOrderableChildNodes="false" primaryItemName="">
  	<supertypes>
      <supertype>exo:webContent</supertype>      
    </supertypes>
  </nodeType -->

  <nodeType name="exo:pictureOnHeadWebcontent" isMixin="false" hasOrderableChildNodes="false" primaryItemName="">
    <supertypes>
      <supertype>exo:webContent</supertype>
    </supertypes>
    <propertyDefinitions>
      <propertyDefinition name="exo:image" requiredType="Binary" autoCreated="false" mandatory="false" onParentVersion="COPY" protected="false" multiple="false">
        <valueConstraints />
      </propertyDefinition>
      <propertyDefinition name="exo:imageWidth" requiredType="String" autoCreated="false" mandatory="false" onParentVersion="COPY" protected="false" multiple="false">
        <valueConstraints />
      </propertyDefinition>
      <propertyDefinition name="exo:imageHeight" requiredType="String" autoCreated="false" mandatory="false" onParentVersion="COPY" protected="false" multiple="false">
        <valueConstraints />
      </propertyDefinition>
    </propertyDefinitions>
  </nodeType>

  <nodeType name="wai:siteSearchBox" isMixin="false" hasOrderableChildNodes="false" primaryItemName="">
    <supertypes>
      <supertype>exo:webContent</supertype>
    </supertypes>
  </nodeType>

  <nodeType name="wai:siteNavigationWebContent" isMixin="false" hasOrderableChildNodes="false" primaryItemName="">
    <supertypes>
      <supertype>exo:webContent</supertype>
    </supertypes>
  </nodeType>

  <nodeType name="metadata:siteMetadata" isMixin="true" hasOrderableChildNodes="false" primaryItemName="">
    <supertypes>
      <supertype>exo:metadata</supertype>
    </supertypes>
    <propertyDefinitions>
      <propertyDefinition name="siteTitle" requiredType="String" autoCreated="false" mandatory="false" onParentVersion="COPY" protected="false" multiple="false">
        <valueConstraints />
      </propertyDefinition>
      <propertyDefinition name="description" requiredType="String" autoCreated="false" mandatory="false" onParentVersion="COPY" protected="false" multiple="false">
        <valueConstraints />
      </propertyDefinition>
      <propertyDefinition name="keywords" requiredType="String" autoCreated="false" mandatory="false" onParentVersion="COPY" protected="false" multiple="false">
        <valueConstraints />
      </propertyDefinition>
      <propertyDefinition name="robots" requiredType="String" autoCreated="false" mandatory="false" onParentVersion="COPY" protected="false" multiple="false">
        <valueConstraints />
      </propertyDefinition>
    </propertyDefinitions>
  </nodeType>

  <nodeType name="wai:siteBreadcrumb" isMixin="false" hasOrderableChildNodes="false" primaryItemName="">
    <supertypes>
      <supertype>exo:webContent</supertype>
    </supertypes>
  </nodeType>


  <nodeType name="acme:contact_us" isMixin="false" hasOrderableChildNodes="false" primaryItemName="">
    <supertypes>
      <supertype>nt:base</supertype>
    </supertypes>
    <propertyDefinitions>
      <propertyDefinition name="acme:fg_p_label" requiredType="String" autoCreated="false" mandatory="false" onParentVersion="COPY" protected="false" multiple="false">
        <valueConstraints />
      </propertyDefinition>
      <propertyDefinition name="acme:fg_p_select_a_recipient" requiredType="String" autoCreated="false" mandatory="false" onParentVersion="COPY" protected="false" multiple="false">
        <valueConstraints />
      </propertyDefinition>
      <propertyDefinition name="acme:fg_p_your_name" requiredType="String" autoCreated="false" mandatory="false" onParentVersion="COPY" protected="false" multiple="false">
        <valueConstraints />
      </propertyDefinition>
      <propertyDefinition name="acme:fg_p_your_address" requiredType="String" autoCreated="false" mandatory="false" onParentVersion="COPY" protected="false" multiple="false">
        <valueConstraints />
      </propertyDefinition>
      <propertyDefinition name="acme:fg_p_your_email_address" requiredType="String" autoCreated="false" mandatory="false" onParentVersion="COPY" protected="false" multiple="false">
        <valueConstraints />
      </propertyDefinition>
      <propertyDefinition name="acme:fg_p_your_phone_number" requiredType="String" autoCreated="false" mandatory="false" onParentVersion="COPY" protected="false" multiple="false">
        <valueConstraints />
      </propertyDefinition>
      <propertyDefinition name="acme:fg_p_your_message" requiredType="String" autoCreated="false" mandatory="false" onParentVersion="COPY" protected="false" multiple="false">
        <valueConstraints />
      </propertyDefinition>
      <propertyDefinition name="jcr:primaryType" requiredType="Name" autoCreated="true" mandatory="true" onParentVersion="COMPUTE" protected="true" multiple="false">
        <valueConstraints />
      </propertyDefinition>
      <propertyDefinition name="jcr:mixinTypes" requiredType="Name" autoCreated="false" mandatory="false" onParentVersion="COMPUTE" protected="true" multiple="true">
        <valueConstraints />
      </propertyDefinition>
    </propertyDefinitions>
  </nodeType>

  <nodeType name="exo:sortable" isMixin="true" hasOrderableChildNodes="false" primaryItemName="">
    <propertyDefinitions>
      <propertyDefinition name="exo:title" requiredType="String" autoCreated="true" mandatory="false" onParentVersion="COPY" protected="false" multiple="false">
        <valueConstraints/>       
      </propertyDefinition>
      <propertyDefinition name="exo:titlePublished" requiredType="String" autoCreated="true" mandatory="false" onParentVersion="COPY" protected="false" multiple="false">
        <valueConstraints/>       
      </propertyDefinition>
      <propertyDefinition name="exo:name" requiredType="String" autoCreated="true" mandatory="false" onParentVersion="COPY" protected="false" multiple="false">
        <valueConstraints/>       
      </propertyDefinition>
      <propertyDefinition name="publication:liveDate" requiredType="Date" autoCreated="true" mandatory="false" onParentVersion="COPY" protected="false" multiple="false">
        <valueConstraints/>       
      </propertyDefinition>      
    </propertyDefinitions>
  </nodeType>
  <nodeType name="exo:activityComment" isMixin="true" hasOrderableChildNodes="false" primaryItemName="" >
    <supertypes>
      <supertype>nt:base</supertype>
    </supertypes>
    <propertyDefinitions>
      <propertyDefinition name="exo:activityCommentID" requiredType="String" autoCreated="false" mandatory="false" 
                          onParentVersion="COPY" protected="false" multiple="false" >
        <valueConstraints/>
      </propertyDefinition>
      <propertyDefinition name="exo:activityCreator" requiredType="String" autoCreated="false" mandatory="false" 
                          onParentVersion="COPY" protected="false" multiple="false" >
        <valueConstraints/>
      </propertyDefinition>
      <propertyDefinition name="exo:activityCreating" requiredType="String" autoCreated="false" mandatory="false" 
                          onParentVersion="COPY" protected="false" multiple="false" >
        <valueConstraints/>
      </propertyDefinition>
    </propertyDefinitions>
  </nodeType>

  <nodeType name="exo:datetime" isMixin="true" hasOrderableChildNodes="false" primaryItemName="">
    <propertyDefinitions>
      <propertyDefinition name="exo:dateCreated" requiredType="Date" autoCreated="true" mandatory="false"
                          onParentVersion="COPY" protected="false" multiple="false">
        <valueConstraints/>
      </propertyDefinition>
      <propertyDefinition name="exo:dateModified" requiredType="Date" autoCreated="true" mandatory="false"
                          onParentVersion="COPY" protected="false" multiple="false">
        <valueConstraints/>
      </propertyDefinition>
    </propertyDefinitions>
  </nodeType
</nodeTypes>
