<?xml version="1.0" encoding="ISO-8859-1"?>
<configuration
	xmlns:xsi="http://www.w3.org/2001/XMLSchema-instance"
	xsi:schemaLocation="http://www.exoplatform.org/xml/ns/kernel_1_2.xsd http://www.exoplatform.org/xml/ns/kernel_1_2.xsd"
	xmlns="http://www.exoplatform.org/xml/ns/kernel_1_2.xsd">

  <component>
    <key>org.exoplatform.services.jcr.ext.audit.AuditService</key>  
    <type>org.exoplatform.services.jcr.ext.audit.AuditServiceImpl</type>
      <init-params>
        <!-- Group or user who may view audit information -->
        <value-param>
          <name>adminIdentity</name>
          <value>*:/Platform/Administrators</value>
        </value-param>
    </init-params>
  </component>
  <!--component>
    <type>org.exoplatform.services.organization.impl.mock.DummyOrganizationService</type>
  </component-->
  
  <component>
    <key>org.exoplatform.services.security.Authenticator</key>
    <type>org.exoplatform.services.organization.auth.OrganizationAuthenticatorImpl</type>
  </component>
  
  <component>
    <type>org.exoplatform.services.jcr.ext.resource.jcr.Handler</type>
  </component>

  <!-- component>
    <key>org.exoplatform.services.database.HibernateService</key>
    <jmx-name>database:type=HibernateService</jmx-name>
    <type>org.exoplatform.services.database.impl.HibernateServiceImpl</type>
    <init-params>
      <properties-param>
        <name>hibernate.properties</name>
        <description>Default Hibernate Service</description>
        <property name="hibernate.show_sql" value="false"/>
        <property name="hibernate.cglib.use_reflection_optimizer" value="true"/>
        <property name="hibernate.connection.url" value="jdbc:hsqldb:file:../temp/data/exodb"/>
        <property name="hibernate.connection.driver_class" value="org.hsqldb.jdbcDriver"/>
        <property name="hibernate.connection.autocommit" value="true"/>
        <property name="hibernate.connection.username" value="sa"/>
        <property name="hibernate.connection.password" value=""/>
        <property name="hibernate.dialect" value="org.hibernate.dialect.HSQLDialect"/>
        <property name="hibernate.c3p0.min_size" value="5"/>
        <property name="hibernate.c3p0.max_size" value="20"/>
        <property name="hibernate.c3p0.timeout" value="1800"/>
        <property name="hibernate.c3p0.max_statements" value="50"/>
      </properties-param>
    </init-params>
  </component>
  
  <component>
    <key>org.exoplatform.services.organization.OrganizationService</key>
    <type>org.exoplatform.services.organization.hibernate.OrganizationServiceImpl</type>
  </component>
  <external-component-plugins>
    <target-component>org.exoplatform.services.database.HibernateService</target-component>
    <component-plugin> 
      <name>add.hibernate.mapping</name>
      <set-method>addPlugin</set-method>
      <type>org.exoplatform.services.database.impl.AddHibernateMappingPlugin</type>
      <init-params>
        <values-param>
          <name>hibernate.mapping</name>
          <value>org/exoplatform/services/organization/impl/UserImpl.hbm.xml</value>
          <value>org/exoplatform/services/organization/impl/MembershipImpl.hbm.xml</value>
          <value>org/exoplatform/services/organization/impl/GroupImpl.hbm.xml</value>
          <value>org/exoplatform/services/organization/impl/MembershipTypeImpl.hbm.xml</value>
          <value>org/exoplatform/services/organization/impl/UserProfileData.hbm.xml</value>
        </values-param>
      </init-params>
    </component-plugin>
  </external-component-plugins -->
  
  <!-- org service initializer, copied from ECM portal.war -->
  <external-component-plugins>
    <target-component>org.exoplatform.services.organization.OrganizationService</target-component>
    
    <component-plugin>
      <name>dms.new.group.event.listener</name>
      <set-method>addListenerPlugin</set-method>
      <type>org.exoplatform.services.jcr.ext.hierarchy.impl.NewGroupListener</type>
      <description>description</description>
      <init-params>
        <object-param>
          <name>configuration></name>
          <description>description</description>
          <object type="org.exoplatform.services.jcr.ext.hierarchy.impl.HierarchyConfig">
            <field name="workspaces">
              <collection type="java.util.ArrayList">
                <value><string>collaboration</string></value>                             
              </collection>               
            </field>            
            <field  name="jcrPaths">
              <collection type="java.util.ArrayList">
                <value>               
                  <object type="org.exoplatform.services.jcr.ext.hierarchy.impl.HierarchyConfig$JcrPath">                 
                    <field name="alias"><string>groupApplicationData</string></field>
                    <field name="path"><string>ApplicationData</string></field>
                    <field name="nodeType"><string>nt:unstructured</string></field>
                    <field name="permissions">
                      <collection type="java.util.ArrayList">               
                        <value>                            
                          <object type="org.exoplatform.services.jcr.ext.hierarchy.impl.HierarchyConfig$Permission">             
                            <field name="identity"><string>*:/platform/administrators</string></field>
                            <field name="read"><string>true</string></field>                
                            <field name="addNode"><string>true</string></field>                
                            <field name="setProperty"><string>true</string></field>                
                            <field name="remove"><string>true</string></field>                
                          </object>  
                        </value>                        
                      </collection>
                    </field>
                    <field name="mixinTypes">
                      <collection type="java.util.ArrayList">
                        <value><string>exo:hiddenable</string></value>
                      </collection>
                    </field>                       
                  </object>
                </value>
                <value>               
                  <object type="org.exoplatform.services.jcr.ext.hierarchy.impl.HierarchyConfig$JcrPath">                 
                    <field name="alias"><string>documents</string></field>
                    <field name="path"><string>Documents</string></field>
                    <field name="nodeType"><string>nt:unstructured</string></field>
                    <field name="permissions">
                      <collection type="java.util.ArrayList">               
                        <value>                            
                          <object type="org.exoplatform.services.jcr.ext.hierarchy.impl.HierarchyConfig$Permission">             
                            <field name="identity"><string>*:/platform/administrators</string></field>
                            <field name="read"><string>true</string></field>                
                            <field name="addNode"><string>true</string></field>                
                            <field name="setProperty"><string>true</string></field>                
                            <field name="remove"><string>true</string></field>                
                          </object>  
                        </value>
                        <value>                            
                          <object type="org.exoplatform.services.jcr.ext.hierarchy.impl.HierarchyConfig$Permission">             
                            <field name="identity"><string>any</string></field>
                            <field name="read"><string>true</string></field>                
                            <field name="addNode"><string>true</string></field>                
                            <field name="setProperty"><string>false</string></field>                
                            <field name="remove"><string>false</string></field>                
                          </object>  
                        </value>                                                
                      </collection>
                    </field>
                    <field name="mixinTypes">
                      <collection type="java.util.ArrayList">
                        <value><string>exo:hiddenable</string></value>
                      </collection>
                    </field>                       
                  </object>
                </value>
                <value>               
                  <object type="org.exoplatform.services.jcr.ext.hierarchy.impl.HierarchyConfig$JcrPath">                 
                    <field name="alias"><string>groupFolksonomy</string></field>
                    <field name="path"><string>ApplicationData/Tags</string></field>
                    <field name="nodeType"><string>nt:unstructured</string></field>
                    <field name="permissions">
                      <collection type="java.util.ArrayList">               
                        <value>                            
                          <object type="org.exoplatform.services.jcr.ext.hierarchy.impl.HierarchyConfig$Permission">             
                            <field name="identity"><string>*:/platform/administrators</string></field>
                            <field name="read"><string>true</string></field>                
                            <field name="addNode"><string>true</string></field>                
                            <field name="setProperty"><string>true</string></field>                
                            <field name="remove"><string>true</string></field>                
                          </object>  
                        </value>
                        <value>                            
                          <object type="org.exoplatform.services.jcr.ext.hierarchy.impl.HierarchyConfig$Permission">             
                            <field name="identity"><string>any</string></field>
                            <field name="read"><string>true</string></field>                
                            <field name="addNode"><string>true</string></field>                
                            <field name="setProperty"><string>false</string></field>                
                            <field name="remove"><string>false</string></field>                
                          </object>  
                        </value>                                                
                      </collection>
                    </field>
                    
                    <field name="mixinTypes">
                      <collection type="java.util.ArrayList">
                        <value><string>exo:folksonomyFolder</string></value>
                      </collection>
                    </field>        
                  </object>
                </value>                                            
              </collection>
            </field>            
          </object>
        </object-param>
      </init-params> 
    </component-plugin>


    
      <component-plugin>
      <name>dms.new.user.event.listener</name>
      <set-method>addListenerPlugin</set-method>
      <type>org.exoplatform.services.jcr.ext.hierarchy.impl.NewUserListener</type>
      <description>description</description>
    </component-plugin>
    
    <component-plugin>
      <name>init.service.listener</name>
      <set-method>addListenerPlugin</set-method>
      <type>org.exoplatform.services.organization.OrganizationDatabaseInitializer</type>
      <description>this listener populate organization data for the first launch</description>
      <init-params>
        <value-param>
          <name>checkDatabaseAlgorithm</name>
          <description>check database</description>
          <value>entry</value>
        </value-param>
        <value-param>
          <name>printInformation</name>
          <description>Print information init database</description>
          <value>false</value>
        </value-param>
        <object-param>
          <name>configuration</name>
          <description>description</description>
          <object type="org.exoplatform.services.organization.OrganizationConfig">
            <field name="membershipType">
              <collection type="java.util.ArrayList">
                <value>
                  <object type="org.exoplatform.services.organization.OrganizationConfig$MembershipType">
                    <field name="type">
                      <string>manager</string>
                    </field>
                    <field name="description">
                      <string>manager membership type</string>
                    </field>
                  </object>
                </value>
                <value>
                  <object type="org.exoplatform.services.organization.OrganizationConfig$MembershipType">
                    <field name="type">
                      <string>member</string>
                    </field>
                    <field name="description">
                      <string>member membership type</string>
                    </field>
                  </object>
                </value>
                <value>
                  <object type="org.exoplatform.services.organization.OrganizationConfig$MembershipType">
                    <field name="type">
                      <string>validator</string>
                    </field>
                    <field name="description">
                      <string>validator membership type</string>
                    </field>
                  </object>
                </value>
								<value>
                  <object type="org.exoplatform.services.organization.OrganizationConfig$MembershipType">
                    <field name="type">
                      <string>*</string>
                    </field>
                    <field name="description">
                      <string>Any membership type</string>
                    </field>
                  </object>
                </value>
              </collection>
            </field>
            
            <field name="group">
              <collection type="java.util.ArrayList">
                <value>
                  <object type="org.exoplatform.services.organization.OrganizationConfig$Group">
                    <field name="name">
                      <string>platform</string>
                    </field>
                    <field name="parentId">
                      <string></string>
                    </field>
                    <field name="description">
                      <string>the /platform group</string>
                    </field>
                    <field name="label">
                      <string>Platform</string>
                    </field>
                  </object>
                </value>
                <value>
                  <object type="org.exoplatform.services.organization.OrganizationConfig$Group">
                    <field name="name">
                      <string>administrators</string>
                    </field>
                    <field name="parentId">
                      <string>/platform</string>
                    </field>
                    <field name="description">
                      <string>the /platform/administrators group</string>
                    </field>
                    <field name="label">
                      <string>Administrators</string>
                    </field>
                  </object>
                </value>
                <value>
                  <object type="org.exoplatform.services.organization.OrganizationConfig$Group">
                    <field name="name">
                      <string>users</string>
                    </field>
                    <field name="parentId">
                      <string>/platform</string>
                    </field>
                    <field name="description">
                      <string>the /platform/users group</string>
                    </field>
                    <field name="label">
                      <string>Users</string>
                    </field>
                  </object>
                </value>
                <value>
                  <object type="org.exoplatform.services.organization.OrganizationConfig$Group">
                    <field name="name">
                      <string>guests</string>
                    </field>
                    <field name="parentId">
                      <string>/platform</string>
                    </field>
                    <field name="description">
                      <string>the /platform/guests group</string>
                    </field>
                    <field name="label">
                      <string>Guests</string>
                    </field>
                  </object>
                </value>
                <value>
                  <object type="org.exoplatform.services.organization.OrganizationConfig$Group">
                    <field name="name">
                      <string>organization</string>
                    </field>
                    <field name="parentId">
                      <string></string>
                    </field>
                    <field name="description">
                      <string>the organization group</string>
                    </field>
                    <field name="label">
                      <string>Organization</string>
                    </field>
                  </object>
                </value>
                <value>
                  <object type="org.exoplatform.services.organization.OrganizationConfig$Group">
                    <field name="name">
                      <string>management</string>
                    </field>
                    <field name="parentId">
                      <string>/organization</string>
                    </field>
                    <field name="description">
                      <string>the /organization/management group</string>
                    </field>
                    <field name="label">
                      <string>Management</string>
                    </field>
                  </object>
                </value>
                <value>
                  <object type="org.exoplatform.services.organization.OrganizationConfig$Group">
                    <field name="name">
                      <string>executive-board</string>
                    </field>
                    <field name="parentId">
                      <string>/organization/management</string>
                    </field>
                    <field name="description">
                      <string>the /organization/management/executive-board group</string>
                    </field>
                    <field name="label">
                      <string>Executive Board</string>
                    </field>
                  </object>
                </value>
                <value>
                  <object type="org.exoplatform.services.organization.OrganizationConfig$Group">
                    <field name="name">
                      <string>human-resources</string>
                    </field>
                    <field name="parentId">
                      <string>/organization/management</string>
                    </field>
                    <field name="description">
                      <string>the /organization/management/human-resource group</string>
                    </field>
                    <field name="label">
                      <string>Human Resources</string>
                    </field>
                  </object>
                </value>
                <value>
                  <object type="org.exoplatform.services.organization.OrganizationConfig$Group">
                    <field name="name">
                      <string>communication</string>
                    </field>
                    <field name="parentId">
                      <string>/organization</string>
                    </field>
                    <field name="description">
                      <string>the /organization/communication group</string>
                    </field>
                    <field name="label">
                      <string>Communication</string>
                    </field>
                  </object>
                </value>
                <value>
                  <object type="org.exoplatform.services.organization.OrganizationConfig$Group">
                    <field name="name">
                      <string>marketing</string>
                    </field>
                    <field name="parentId">
                      <string>/organization/communication</string>
                    </field>
                    <field name="description">
                      <string>the /organization/communication/marketing group</string>
                    </field>
                    <field name="label">
                      <string>Marketing</string>
                    </field>
                  </object>
                </value>
                <value>
                  <object type="org.exoplatform.services.organization.OrganizationConfig$Group">
                    <field name="name">
                      <string>press-and-media</string>
                    </field>
                    <field name="parentId">
                      <string>/organization/communication</string>
                    </field>
                    <field name="description">
                      <string>the /organization/communication/press-and-media group</string>
                    </field>
                    <field name="label">
                      <string>Press and Media</string>
                    </field>
                  </object>
                </value>
                <value>
                  <object type="org.exoplatform.services.organization.OrganizationConfig$Group">
                    <field name="name">
                      <string>operations</string>
                    </field>
                    <field name="parentId">
                      <string>/organization</string>
                    </field>
                    <field name="description">
                      <string>the /organization/operations and media group</string>
                    </field>
                    <field name="label">
                      <string>Operations</string>
                    </field>
                  </object>
                </value>
                <value>
                  <object type="org.exoplatform.services.organization.OrganizationConfig$Group">
                    <field name="name">
                      <string>sales</string>
                    </field>
                    <field name="parentId">
                      <string>/organization/operations</string>
                    </field>
                    <field name="description">
                      <string>the /organization/operations/sales group</string>
                    </field>
                    <field name="label">
                      <string>Sales</string>
                    </field>
                  </object>
                </value>
                <value>
                  <object type="org.exoplatform.services.organization.OrganizationConfig$Group">
                    <field name="name">
                      <string>finances</string>
                    </field>
                    <field name="parentId">
                      <string>/organization/operations</string>
                    </field>
                    <field name="description">
                      <string>the /organization/operations/finances group</string>
                    </field>
                    <field name="label">
                      <string>Finances</string>
                    </field>
                  </object>
                </value>
                <value>
                  <object type="org.exoplatform.services.organization.OrganizationConfig$Group">
                    <field name="name">
                      <string>customers</string>
                    </field>
                    <field name="parentId">
                      <string></string>
                    </field>
                    <field name="description">
                      <string>the /customers group</string>
                    </field>
                    <field name="label">
                      <string>Customers</string>
                    </field>
                  </object>
                </value>
                <value>
                  <object type="org.exoplatform.services.organization.OrganizationConfig$Group">
                    <field name="name">
                      <string>partners</string>
                    </field>
                    <field name="parentId">
                      <string></string>
                    </field>
                    <field name="description">
                      <string>the /partners group</string>
                    </field>
                    <field name="label">
                      <string>Partners</string>
                    </field>
                  </object>
                </value>
              </collection>
            </field>
            
            <field name="user">
              <collection type="java.util.ArrayList">
                <value>
                  <object type="org.exoplatform.services.organization.OrganizationConfig$User">
                    <field name="userName">
                      <string>root</string>
                    </field>
                    <field name="password">
                      <string>gtn</string>
                    </field>
                    <field name="firstName">
                      <string>Root</string>
                    </field>
                    <field name="lastName">
                      <string>Root</string>
                    </field>
                    <field name="email">
                      <string>root@localhost</string>
                    </field>
                    <field name="groups">
                      <string>
                        *:/platform/administrators,*:/platform/users,
                        member:/organization/management/executive-board
                      </string>
                    </field>
                  </object>
                </value>
                
                <value>
                  <object type="org.exoplatform.services.organization.OrganizationConfig$User">
                    <field name="userName">
                      <string>john</string>
                    </field>
                    <field name="password">
                      <string>gtn</string>
                    </field>
                    <field name="firstName">
                      <string>John</string>
                    </field>
                    <field name="lastName">
                      <string>Anthony</string>
                    </field>
                    <field name="email">
                      <string>john@localhost</string>
                    </field>
                    <field name="groups">
                      <string>
                        validator:/platform/administrators,manager:/platform/users,
                        *:/organization/management/executive-board, manager:/organization/management/executive-board, validator:/organization/management/executive-board
                      </string>
                    </field>
                  </object>
                </value>
                <value>
                  <object type="org.exoplatform.services.organization.OrganizationConfig$User">
                    <field name="userName">
                      <string>marry</string>
                    </field>
                    <field name="password">
                      <string>gtn</string>
                    </field>
                    <field name="firstName">
                      <string>Marry</string>
                    </field>
                    <field name="lastName">
                      <string>Kelly</string>
                    </field>
                    <field name="email">
                      <string>marry@localhost</string>
                    </field>
                    <field name="groups">
                      <string>member:/platform/users</string>
                    </field>
                  </object>
                </value>
                <value>
                  <object type="org.exoplatform.services.organization.OrganizationConfig$User">
                    <field name="userName">
                      <string>demo</string>
                    </field>
                    <field name="password">
                      <string>gtn</string>
                    </field>
                    <field name="firstName">
                      <string>Demo</string>
                    </field>
                    <field name="lastName">
                      <string>gtn</string>
                    </field>
                    <field name="email">
                      <string>demo@localhost</string>
                    </field>
                    <field name="groups">
                      <string>member:/platform/users</string>
                    </field>
                  </object>
                </value>
                <value>
                  <object type="org.exoplatform.services.organization.OrganizationConfig$User">
                    <field name="userName">
                      <string>james</string>
                    </field>
                    <field name="password">
                      <string>gtn</string>
                    </field>
                    <field name="firstName">
                      <string>James</string>
                    </field>
                    <field name="lastName">
                      <string>Anderson</string>
                    </field>
                    <field name="email">
                      <string>james@localhost</string>
                    </field>
                    <field name="groups">
                      <string>*:/organization/management/human-resources,member:/platform/users</string>
                    </field>
                  </object>
                </value>
              </collection>
            </field>
          </object>
        </object-param>
      </init-params>
    </component-plugin>
  </external-component-plugins>

  <external-component-plugins>
    <target-component>org.exoplatform.services.jcr.ext.hierarchy.NodeHierarchyCreator</target-component>
    <component-plugin>
      <name>addUserPaths</name>
      <set-method>addPlugin</set-method>
      <type>org.exoplatform.services.jcr.ext.hierarchy.impl.UserAddPathPlugin</type>
      <init-params>
        <object-param>
          <name>configuration</name>
          <description>description</description>
          <object
            type="org.exoplatform.services.jcr.ext.hierarchy.impl.HierarchyConfig">
            <field name="workspaces">
              <collection type="java.util.ArrayList">
                <value><string>collaboration</string></value>                             
              </collection>
            </field>
            <field name="jcrPaths">
              <collection type="java.util.ArrayList">
                <value>
                  <object
                    type="org.exoplatform.services.jcr.ext.hierarchy.impl.HierarchyConfig$JcrPath">
                    <field name="alias">
                      <string>userApplicationData</string>
                    </field>
                    <field name="path">
                      <string>ApplicationData</string>
                    </field>
                    <field name="nodeType">
                      <string>nt:unstructured</string>
                    </field>
                    <field name="permissions">
                      <collection type="java.util.ArrayList">
                        <value>
                          <object
                            type="org.exoplatform.services.jcr.ext.hierarchy.impl.HierarchyConfig$Permission">
                            <field name="identity">
                              <string>*:/platform/administrators</string>
                            </field>
                            <field name="read">
                              <string>true</string>
                            </field>
                            <field name="addNode">
                              <string>true</string>
                            </field>
                            <field name="setProperty">
                              <string>true</string>
                            </field>
                            <field name="remove">
                              <string>true</string>
                            </field>
                          </object>
                        </value>
                      </collection>
                    </field>
                    <field name="mixinTypes">
                      <collection type="java.util.ArrayList">
                        <value>
                          <string>exo:hiddenable</string>
                        </value>
                      </collection>
                    </field>
                  </object>
                </value>
                <value>
                  <object
                    type="org.exoplatform.services.jcr.ext.hierarchy.impl.HierarchyConfig$JcrPath">
                    <field name="alias">
                      <string>userPrivate</string>
                    </field>
                    <field name="path">
                      <string>Private</string>
                    </field>
                    <field name="nodeType">
                      <string>nt:unstructured</string>
                    </field>
                  </object>
                </value>
                <value>
                  <object
                    type="org.exoplatform.services.jcr.ext.hierarchy.impl.HierarchyConfig$JcrPath">
                    <field name="alias">
                      <string>userPrivateDocuments</string>
                    </field>
                    <field name="path">
                      <string>Private/Documents</string>
                    </field>
                    <field name="mixinTypes">
                      <collection type="java.util.ArrayList">
                      </collection>
                    </field>
                  </object>
                </value>
                <value>
                  <object
                    type="org.exoplatform.services.jcr.ext.hierarchy.impl.HierarchyConfig$JcrPath">
                    <field name="alias">
                      <string>userPrivateVideo</string>
                    </field>
                    <field name="path">
                      <string>Private/Videos</string>
                    </field>
                    <field name="mixinTypes">
                      <collection type="java.util.ArrayList">
                      </collection>
                    </field>
                  </object>
                </value>
                <value>
                  <object
                    type="org.exoplatform.services.jcr.ext.hierarchy.impl.HierarchyConfig$JcrPath">
                    <field name="alias">
                      <string>userPrivateAudio</string>
                    </field>
                    <field name="path">
                      <string>Private/Music</string>
                    </field>
                    <field name="mixinTypes">
                      <collection type="java.util.ArrayList">
                      </collection>
                    </field>
                  </object>
                </value>
                <value>
                  <object
                    type="org.exoplatform.services.jcr.ext.hierarchy.impl.HierarchyConfig$JcrPath">
                    <field name="alias">
                      <string>userPrivatePicture</string>
                    </field>
                    <field name="path">
                      <string>Private/Pictures</string>
                    </field>
                    <field name="mixinTypes">
                      <collection type="java.util.ArrayList">
                      </collection>
                    </field>
                  </object>
                </value>
                <value>
                  <object
                    type="org.exoplatform.services.jcr.ext.hierarchy.impl.HierarchyConfig$JcrPath">
                    <field name="alias">
                      <string>userPrivateSearches</string>
                    </field>
                    <field name="path">
                      <string>Private/Searches</string>
                    </field>
                    <field name="mixinTypes">
                      <collection type="java.util.ArrayList">
                      </collection>
                    </field>
                  </object>
                </value>
                <value>
                  <object
                    type="org.exoplatform.services.jcr.ext.hierarchy.impl.HierarchyConfig$JcrPath">
                    <field name="alias">
                      <string>userPrivateFavorites</string>
                    </field>
                    <field name="path">
                      <string>Private/Favorites</string>
                    </field>
                    <field name="mixinTypes">
                      <collection type="java.util.ArrayList">
                      </collection>
                    </field>
                  </object>
                </value>
                <value>
                  <object
                    type="org.exoplatform.services.jcr.ext.hierarchy.impl.HierarchyConfig$JcrPath">
                    <field name="alias">
                      <string>userPrivateFolksonomy</string>
                    </field>
                    <field name="path">
                      <string>Private/Folksonomy</string>
                    </field>
                    <field name="mixinTypes">
                      <collection type="java.util.ArrayList">
                      </collection>
                    </field>
                  </object>
                </value>
                <value>
                  <object
                    type="org.exoplatform.services.jcr.ext.hierarchy.impl.HierarchyConfig$JcrPath">
                    <field name="alias">
                      <string>userPublic</string>
                    </field>
                    <field name="path">
                      <string>Public</string>
                    </field>
                    <field name="nodeType">
                      <string>nt:unstructured</string>
                    </field>
                    <field name="permissions">
                      <collection type="java.util.ArrayList">
                        <value>
                          <object
                            type="org.exoplatform.services.jcr.ext.hierarchy.impl.HierarchyConfig$Permission">
                            <field name="identity">
                              <string>any</string>
                            </field>
                            <field name="read">
                              <string>true</string>
                            </field>
                            <field name="addNode">
                              <string>false</string>
                            </field>
                            <field name="setProperty">
                              <string>true</string>
                            </field>
                            <field name="remove">
                              <string>false</string>
                            </field>
                          </object>
                        </value>
                      </collection>
                    </field>
                  </object>
                </value>
              </collection>
            </field>
            <field name="jcrLinks">
              <collection type="java.util.ArrayList">
                <value>
                  <object type="org.exoplatform.services.jcr.ext.hierarchy.impl.HierarchyConfig$JcrLink">                 
                    <field name="sourcePath"><string>Public</string></field>
                    <field name="targetPath"><string>Private/Public</string></field>
                  </object>
                </value>
             </collection>
            </field>
          </object>
        </object-param>
      </init-params>
     </component-plugin>
  </external-component-plugins>

</configuration>
