<?xml version="1.0" encoding="ISO-8859-1"?>
<!--

    Copyright (C) 2003-2023 eXo Platform SAS.

    This program is free software; you can redistribute it and/or
    modify it under the terms of the GNU Affero General Public License
    as published by the Free Software Foundation; either version 3
    of the License, or (at your option) any later version.

    This program is distributed in the hope that it will be useful,
    but WITHOUT ANY WARRANTY; without even the implied warranty of
    MERCHANTABILITY or FITNESS FOR A PARTICULAR PURPOSE.  See the
    GNU General Public License for more details.

    You should have received a copy of the GNU General Public License
    along with this program; if not, see<http://www.gnu.org/licenses/>.

-->
<configuration xmlns:xsi="http://www.w3.org/2001/XMLSchema-instance" xsi:schemaLocation="http://www.exoplatform.org/xml/ns/kernel_1_2.xsd http://www.exoplatform.org/xml/ns/kernel_1_2.xsd"
   xmlns="http://www.exoplatform.org/xml/ns/kernel_1_2.xsd">

   <component>
      <key>org.exoplatform.services.document.DocumentReaderService</key>
      <type>org.exoplatform.services.document.impl.tika.TikaDocumentReaderServiceImpl</type>
      <init-params>
        <value-param>
          <name>tika-configuration</name>
          <value>jar:/conf/portal/tika-config.xml</value>
        </value-param>
      </init-params>
   </component>

   <component>
      <key>org.exoplatform.services.compress.CompressData</key>
      <type>org.exoplatform.services.compress.CompressData</type>
   </component>

</configuration>
