<?xml version="1.0" encoding="ISO-8859-1"?>
  <!--

    Copyright (C) 2009 eXo Platform SAS.
    
    This is free software; you can redistribute it and/or modify it
    under the terms of the GNU Lesser General Public License as
    published by the Free Software Foundation; either version 2.1 of
    the License, or (at your option) any later version.
    
    This software is distributed in the hope that it will be useful,
    but WITHOUT ANY WARRANTY; without even the implied warranty of
    MERCHANTABILITY or FITNESS FOR A PARTICULAR PURPOSE. See the GNU
    Lesser General Public License for more details.
    
    You should have received a copy of the GNU Lesser General Public
    License along with this software; if not, write to the Free
    Software Foundation, Inc., 51 Franklin St, Fifth Floor, Boston, MA
    02110-1301 USA, or see the FSF site: http://www.fsf.org.

-->
<configuration xmlns:xsi="http://www.w3.org/2001/XMLSchema-instance"
	xsi:schemaLocation="http://www.exoplatform.org/xml/ns/kernel_1_2.xsd http://www.exoplatform.org/xml/ns/kernel_1_2.xsd"
	xmlns="http://www.exoplatform.org/xml/ns/kernel_1_2.xsd">

 <component>
    <type>org.exoplatform.services.cms.impl.DMSConfiguration</type>
  </component>
  
  <component>
    <type>org.exoplatform.groovyscript.text.TemplateStatisticService</type>
    <init-params>
      <value-param>
        <name>name</name>
        <value>false</value>
      </value-param>
    </init-params>
  </component>
  
  <component>
    <type>org.exoplatform.groovyscript.text.TemplateService</type>
  </component>
  
   <component>
    <key>org.exoplatform.services.wcm.portal.LivePortalManagerService</key>
    <type>org.exoplatform.services.wcm.portal.impl.LivePortalManagerServiceImpl</type>
  </component>
  
  <component>
    <key>org.exoplatform.services.ecm.publication.PublicationService</key>
    <type>org.exoplatform.services.ecm.publication.impl.PublicationServiceImpl</type>    
  </component>
  
  <component>
    <key>org.exoplatform.services.ecm.publication.PublicationPresentationService</key>
    <type>org.exoplatform.services.ecm.publication.impl.PublicationPresentationServiceImpl</type>
  </component> 
  
   <component>
    <key>org.exoplatform.services.wcm.publication.WCMPublicationService</key>
    <type>org.exoplatform.services.wcm.publication.WCMPublicationServiceImpl</type>
  </component>
  
   <component>
    <key>org.exoplatform.services.wcm.publication.WCMComposer</key>
    <type>org.exoplatform.services.wcm.publication.WCMComposerImpl</type>
  </component>  
  
  <component>
    <key>org.exoplatform.services.cms.documents.TrashService</key>  
    <type>org.exoplatform.services.cms.documents.impl.TrashServiceImpl</type>
    <init-params>
      <value-param>
        <name>trashWorkspace</name>
        <value>collaboration</value>
      </value-param>
      <value-param>
        <name>trashHomeNodePath</name>
        <value>/Trash</value>
      </value-param>
    </init-params>    
  </component>
  
  <component>
    <key>org.exoplatform.services.cms.taxonomy.TaxonomyService</key>
    <type>org.exoplatform.services.cms.taxonomy.impl.TaxonomyServiceImpl</type>
    <init-params>
      <object-param>
        <name>defaultPermission.configuration</name>
        <object type="org.exoplatform.services.cms.taxonomy.impl.TaxonomyTreeDefaultUserPermission">
          <field name="permissions">
            <collection type="java.util.ArrayList">
              <value>
                <object type="org.exoplatform.services.cms.taxonomy.impl.TaxonomyTreeDefaultUserPermission$Permission">
                  <field name="identity">
                    <string>*:/platform/administrators</string>
                  </field>
                  <field name="read">
                    <string>true</string>
                  </field>
                  <field name="addNode">
                    <string>true</string>
                  </field>
                  <field name="setProperty">
                    <string>true</string>
                  </field>
                  <field name="remove">
                    <string>true</string>
                  </field>
                </object>
              </value>
              <value>
                <object type="org.exoplatform.services.cms.taxonomy.impl.TaxonomyTreeDefaultUserPermission$Permission">
                  <field name="identity">
                    <string>*:/platform/users</string>
                  </field>
                  <field name="read">
                    <string>true</string>
                  </field>
                  <field name="addNode">
                    <string>true</string>
                  </field>
                  <field name="setProperty">
                    <string>true</string>
                  </field>
                  <field name="remove">
                    <string>false</string>
                  </field>
                </object>
              </value>
            </collection>
          </field>
        </object>
      </object-param>
    </init-params>
  </component>
  
  <component>
    <key>org.exoplatform.services.cms.link.LinkManager</key>
    <type>org.exoplatform.services.cms.link.impl.LinkManagerImpl</type>
  </component>

  <component>
    <key>org.exoplatform.services.wcm.core.WCMConfigurationService</key>
    <type>org.exoplatform.services.wcm.core.WCMConfigurationService</type>
    <init-params>
      <properties-param>
        <name>RuntimeContextParams</name>
        <description>some params for runtime</description>

        <property name="parameterizedPageURI" value="/detail" />
        <property name="printPageURI" value="/printviewer" />
        <property name="printViewerPage" value="printviewer" />

        <property name="CLVPortlet" value="/presentation/ContentListViewerPortlet" />
        <property name="SCVPortlet" value="/presentation/SingleContentViewer" />

        <property name="formViewTemplatePath" value="/exo:ecm/views/templates/content-list-viewer/list/UIContentListPresentationDefault.gtmpl" />
        <property name="paginatorTemplatePath" value="/exo:ecm/views/templates/content-list-viewer/paginators/DefaultPaginator.gtmpl" />
      </properties-param>
      <properties-param>
        <name>share.portal.config</name>
        <description>share portal name for each repository</description>
        <property name="portalName" value="shared" />
      </properties-param>
      <object-param>
        <name>live.portals.location.config</name>
        <description>configuration for the cms path</description>
        <object type="org.exoplatform.services.wcm.core.NodeLocation">
          <field name="repository">
            <string>repository</string>
          </field>
          <field name="workspace">
            <string>collaboration</string>
          </field>
          <field name="path">
            <string>/sites content/live</string>
          </field>
        </object>
      </object-param>
      <object-param>
        <name>site.drive.config</name>
        <description>drive config for each site drive</description>
        <object type="org.exoplatform.services.cms.drives.DriveData">
          <field name="name">
            <string>{siteName}</string>
          </field>
          <field name="workspace">
            <string>{workspace}</string>
          </field>
          <field name="permissions">
            <string>{accessPermission}</string>
          </field>
          <field name="homePath">
            <string>{sitePath}/categories/{siteName}</string>
          </field>
          <field name="icon">
            <string></string>
          </field>
          <field name="views">
            <string>wcm-category-view</string>
          </field>
          <field name="viewPreferences">
            <boolean>false</boolean>
          </field>
          <field name="viewNonDocument">
            <boolean>true</boolean>
          </field>
          <field name="viewSideBar">
            <boolean>true</boolean>
          </field>
          <field name="showHiddenNode">
            <boolean>false</boolean>
          </field>
          <field name="allowCreateFolders">
            <string>Both</string>
          </field>
          <field name="allowNodeTypesOnTree"><string>*</string></field>
        </object>
      </object-param>
    </init-params>
  </component>
	
	<component>
    <key>org.exoplatform.services.cms.templates.TemplateService</key>
    <type>org.exoplatform.services.cms.templates.impl.TemplateServiceImpl</type>    
  </component>
	
  <component>
    <key>org.exoplatform.services.wcm.core.WCMService</key>
    <type>org.exoplatform.services.wcm.core.impl.WCMServiceImpl</type>
    <init-params>
      <properties-param>
        <name>server.config</name>
        <description>server.config</description>
        <property name="expirationCache" value="30" />
      </properties-param>
    </init-params>
  </component>
  
  <component>
    <key>org.exoplatform.services.cms.drives.ManageDriveService</key>
    <type>org.exoplatform.services.cms.drives.impl.ManageDriveServiceImpl</type>
  </component>
  
	<component>
		<key>org.exoplatform.services.wcm.search.connector.DocumentSearchServiceConnector</key>
		<type>org.exoplatform.services.wcm.search.connector.DocumentSearchServiceConnector</type>
		<init-params>
         <properties-param>
           <name>constructor.params</name>
           <property name="searchType" value="Document"/>
           <property name="displayName" value="Document"/>
         </properties-param>
    </init-params>   
	</component>

	<component>
		<key>org.exoplatform.services.wcm.search.connector.FileSearchServiceConnector</key>
		<type>org.exoplatform.services.wcm.search.connector.FileSearchServiceConnector</type>
		<init-params>
         <properties-param>
           <name>constructor.params</name>
           <property name="searchType" value="File"/>
           <property name="displayName" value="File"/>
         </properties-param>
    </init-params>   
	</component>
	
	<component>
		<key>org.exoplatform.services.wcm.search.connector.PageSearchServiceConnector</key>
		<type>org.exoplatform.services.wcm.search.connector.PageSearchServiceConnector</type>
		<init-params>
         <properties-param>
           <name>constructor.params</name>
           <property name="searchType" value="Page"/>
           <property name="displayName" value="Page"/>
         </properties-param>
    </init-params>   
	</component>

  <component>
    <key>org.exoplatform.services.wcm.search.SiteSearchService</key>
    <type>org.exoplatform.services.wcm.search.SiteSearchServiceImpl</type>
    <component-plugins>
      <component-plugin>
        <name>ExcludeMimeTypes</name>
        <set-method>addExcludeIncludeDataTypePlugin</set-method>
        <type>org.exoplatform.services.wcm.search.ExcludeIncludeDataTypePlugin</type>
        <init-params>
          <properties-param>
            <name>search.exclude.datatypes</name>
            <description>exclude some data type when search</description>
            <property name="mimetypes" value="text/css,text/javascript,application/x-javascript,text/ecmascript" />
          </properties-param>
        </init-params>
      </component-plugin>
    </component-plugins>
    <init-params>
      <value-param>
        <name>isEnabledFuzzySearch</name>
        <value>true</value>
      </value-param>
      <value-param>
        <name>fuzzySearchIndex</name>
        <value></value>
      </value-param>
    </init-params>
  </component>
	
  <component>
    <key>org.exoplatform.services.wcm.link.LiveLinkManagerService</key>
    <type>org.exoplatform.services.wcm.link.LiveLinkManagerServiceImpl</type>
    <init-params>
      <properties-param>
        <name>server.config</name>
        <description>server.address</description>
        <property name="scheme" value="http" />
        <property name="hostName" value="localhost" />
        <property name="port" value="8080" />
      </properties-param>
    </init-params>
  </component>
  
  <component>
    <key>org.exoplatform.services.wcm.portal.artifacts.CreatePortalArtifactsService</key>
    <type>org.exoplatform.services.wcm.portal.artifacts.CreatePortalArtifactsServiceImpl</type>
    <init-params>
      <values-param>
        <name>ignored.portals</name>
        <description>initial portals. the service will not deploy data to the initial portal</description>
        <value>classic</value>
      </values-param>
    </init-params>
  </component>

  <component>
    <key>org.exoplatform.services.wcm.portal.artifacts.RemovePortalArtifactsService</key>
    <type>org.exoplatform.services.wcm.portal.artifacts.RemovePortalArtifactsServiceImpl</type>
  </component>
  
  <component>
    <key>org.exoplatform.services.wcm.core.WebSchemaConfigService</key>
    <type>org.exoplatform.services.wcm.core.impl.WebSchemaConfigServiceImpl</type>
    <component-plugins>
      <component-plugin>
        <name>CSSFileHandler</name>
        <set-method>addWebSchemaHandler</set-method>
        <type>org.exoplatform.services.wcm.skin.CSSFileHandler</type>
      </component-plugin>
      <component-plugin>
        <name>JSFileHandler</name>
        <set-method>addWebSchemaHandler</set-method>
        <type>org.exoplatform.services.wcm.javascript.JSFileHandler</type>
      </component-plugin>
      <component-plugin>
        <name>WebContentSchemaHandler</name>
        <set-method>addWebSchemaHandler</set-method>
        <type>org.exoplatform.services.wcm.webcontent.WebContentSchemaHandler</type>
      </component-plugin>
      <component-plugin>
        <name>HTMLFileSchemaHandler</name>
        <set-method>addWebSchemaHandler</set-method>
        <type>org.exoplatform.services.wcm.webcontent.HTMLFileSchemaHandler</type>
      </component-plugin>
      <component-plugin>
        <name>PortalFolderSchemaHandler</name>
        <set-method>addWebSchemaHandler</set-method>
        <type>org.exoplatform.services.wcm.portal.PortalFolderSchemaHandler</type>
      </component-plugin>
    </component-plugins>
  </component>
  
  <external-component-plugins>
    <target-component>org.exoplatform.services.cms.impl.DMSConfiguration</target-component>
    <component-plugin>
      <name>dmsconfiguration.plugin</name>
      <set-method>addPlugin</set-method>
      <type>org.exoplatform.services.cms.impl.DMSRepositoryConfiguration</type>
      <description>DMS Repository configuration</description>
      <init-params>
        <value-param>
          <name>systemWorkspace</name>
          <value>dms-system</value>
        </value-param>
      </init-params>
    </component-plugin>
  </external-component-plugins>
  
  <external-component-plugins>
    <target-component>org.exoplatform.services.listener.ListenerService</target-component>
    <component-plugin>
      <name>org.exoplatform.portal.config.DataStorage.portalConfigCreated</name>
      <set-method>addListener</set-method>
      <type>org.exoplatform.services.wcm.portal.listener.CreateLivePortalEventListener</type>
      <description>this listener create new live portal content storage</description>
    </component-plugin>
    <component-plugin>
      <name>org.exoplatform.portal.config.DataStorage.portalConfigRemoved</name>
      <set-method>addListener</set-method>
      <type>org.exoplatform.services.wcm.portal.listener.RemoveLivePortalEventListener</type>
      <description>this listener new live portal content storage</description>
    </component-plugin>
    <component-plugin>
      <name>org.exoplatform.portal.config.DataStorage.portalConfigUpdated</name>
      <set-method>addListener</set-method>
      <type>org.exoplatform.services.wcm.portal.listener.UpdateLivePortalEventListener</type>
      <description>this listener new live portal content storage</description>
    </component-plugin>
  </external-component-plugins>
  
  <external-component-plugins>
    <target-component>org.exoplatform.services.jcr.impl.ext.action.SessionActionCatalog</target-component>
    <component-plugin>
      <name>addActions</name>
      <set-method>addPlugin</set-method>
      <type>org.exoplatform.services.jcr.impl.ext.action.AddActionsPlugin</type>
      <description>add exo:ownable mixin for node</description>
      <init-params>
        <object-param>
          <name>actions</name>
          <object type="org.exoplatform.services.jcr.impl.ext.action.AddActionsPlugin$ActionsConfig">
            <field name="actions">
              <collection type="java.util.ArrayList">
                <value>
                  <object type="org.exoplatform.services.jcr.impl.ext.action.ActionConfiguration">
                    <field name="workspace">
                      <string>collaboration</string>
                    </field>
                    <field name="path">
                      <string>/sites content</string>
                    </field>
                    <field name="isDeep">
                      <boolean>true</boolean>
                    </field>
                    <field name="nodeTypes">
                      <string>nt:unstructured,nt:folder,nt:file,exo:portalFolder</string>
                    </field>
                    <field name="eventTypes">
                      <string>addNode</string>
                    </field>
                    <field name="actionClassName">
                      <string>org.exoplatform.services.wcm.core.impl.WebSchemaCreationAction</string>
                    </field>
                  </object>
                </value>
                <value>
                  <object type="org.exoplatform.services.jcr.impl.ext.action.ActionConfiguration">
                    <field name="workspace">
                      <string>collaboration</string>
                    </field>
                    <field name="path">
                      <string>/sites content</string>
                    </field>
                    <field name="isDeep">
                      <boolean>true</boolean>
                    </field>
                    <field name="nodeTypes">
                      <string>nt:file,nt:resource</string>
                    </field>
                    <field name="eventTypes">
                      <string>addProperty,changeProperty,removeProperty</string>
                    </field>
                    <field name="actionClassName">
                      <string>org.exoplatform.services.wcm.core.impl.WebSchemaModificationAction</string>
                    </field>
                  </object>
                </value>
                <value>
                  <object type="org.exoplatform.services.jcr.impl.ext.action.ActionConfiguration">
                    <field name="workspace">
                      <string>collaboration</string>
                    </field>
                    <field name="path">
                      <string>/sites content</string>
                    </field>
                    <field name="isDeep">
                      <boolean>true</boolean>
                    </field>
                    <field name="nodeTypes">
                      <string>nt:file,nt:resource</string>
                    </field>
                    <field name="eventTypes">
                      <string>removeNode</string>
                    </field>
                    <field name="actionClassName">
                      <string>org.exoplatform.services.wcm.core.impl.WebSchemaRemoverAction</string>
                    </field>
                  </object>
                </value>
              </collection>
            </field>
          </object>
        </object-param>
      </init-params>
    </component-plugin>
  </external-component-plugins>
  
   <external-component-plugins>
    <target-component>org.exoplatform.services.cms.drives.ManageDriveService</target-component>    

      <component-plugin> 
        <name>manage.drive.plugin</name>
        <set-method>setManageDrivePlugin</set-method>
        <type>org.exoplatform.services.cms.drives.impl.ManageDrivePlugin</type>
        <description>Nothing</description>
        <init-params>
          <object-param>        
            <name>System files</name>
            <description>System workspace</description>
            <object type="org.exoplatform.services.cms.drives.DriveData">
              <field  name="name"><string>System files</string></field>
              <field  name="workspace"><string>system</string></field>
              <field  name="permissions"><string>*:/platform/administrators</string></field>
              <field  name="homePath"><string>/</string></field>
              <field  name="icon"><string></string></field>
              <field  name="views">
                <string>system-view</string>
              </field>
              <field  name="viewPreferences"><boolean>false</boolean></field>
              <field  name="viewNonDocument"><boolean>true</boolean></field>
              <field  name="viewSideBar"><boolean>true</boolean></field>
              <field  name="showHiddenNode"><boolean>true</boolean></field>
              <field  name="allowCreateFolders"><string>nt:folder,nt:unstructured</string></field>
              <field name="allowNodeTypesOnTree"><string>*</string></field>                     
            </object>
          </object-param>                    
          <object-param>        
            <name>Collaboration Center</name>
            <description>Collaboration workspace set</description>
            <object type="org.exoplatform.services.cms.drives.DriveData">
              <field  name="name"><string>Collaboration Center</string></field>
              <field  name="workspace"><string>collaboration</string></field>
              <field  name="permissions"><string>*:/platform/administrators</string></field>
              <field  name="homePath"><string>/</string></field>
              <field  name="icon"><string></string></field>
              <field  name="views">
                <string>icon-view, simple-view, admin-view, cover-flow</string>
              </field>
              <field  name="viewPreferences"><boolean>false</boolean></field>
              <field  name="viewNonDocument"><boolean>false</boolean></field>
              <field  name="viewSideBar"><boolean>true</boolean></field>
              <field  name="showHiddenNode"><boolean>false</boolean></field>
              <field  name="allowCreateFolders"><string>nt:folder,nt:unstructured</string></field>
              <field name="allowNodeTypesOnTree"><string>*</string></field>       
            </object>
          </object-param>          
          <object-param>        
            <name>Backup Administration</name>
            <description>Backup workspace set</description>
            <object type="org.exoplatform.services.cms.drives.DriveData">
              <field  name="name"><string>Backup Center</string></field>
              <field  name="workspace"><string>backup</string></field>
              <field  name="permissions"><string>*:/platform/administrators</string></field>
              <field  name="homePath"><string>/</string></field>
              <field  name="icon"><string></string></field>
              <field  name="views">
                <string>simple-view, admin-view</string>
              </field>
              <field  name="viewPreferences"><boolean>false</boolean></field>
              <field  name="viewNonDocument"><boolean>false</boolean></field>
              <field  name="viewSideBar"><boolean>true</boolean></field>
              <field  name="showHiddenNode"><boolean>false</boolean></field>
              <field  name="allowCreateFolders"><string>nt:folder,nt:unstructured</string></field>
              <field name="allowNodeTypesOnTree"><string>*</string></field>          
            </object>
          </object-param>    
        <object-param>
          <name>Managed Sites</name>
          <description>Managed Sites</description>
          <object type="org.exoplatform.services.cms.drives.DriveData">
            <field name="name"><string>Managed Sites</string></field>
            <field name="workspace"><string>collaboration</string></field>
            <field name="permissions"><string>*:/platform/administrators</string></field>
            <field name="homePath"><string>/sites content/live</string></field>
            <field name="icon"><string></string></field>
            <field name="views"><string>wcm-view, file-view</string></field>
            <field name="viewPreferences"><boolean>false</boolean></field>
            <field name="viewNonDocument"><boolean>true</boolean></field>
            <field name="viewSideBar"><boolean>true</boolean></field>
            <field name="showHiddenNode"><boolean>false</boolean></field>
            <field name="allowCreateFolders"><string>nt:folder,nt:unstructured</string></field>
            <field name="allowNodeTypesOnTree"><string>*</string></field>
          </object>
        </object-param>
        </init-params>  
      </component-plugin> 
   </external-component-plugins>
   
  <external-component-plugins>
    <target-component>org.exoplatform.services.cms.templates.TemplateService</target-component>
    <component-plugin>
      <name>addTemplates</name>
      <set-method>addTemplates</set-method>
      <type>org.exoplatform.services.cms.templates.impl.TemplatePlugin</type>
      <init-params>
        <value-param>
          <name>autoCreateInNewRepository</name>
          <value>true</value>
        </value-param>
        <value-param>
          <name>storedLocation</name>
          <value>jar:/conf/dms/artifacts/templates</value>
        </value-param>
        <object-param>
          <name>template.configuration</name>
          <description>configuration for the localtion of templates to inject in jcr</description>
          <object type="org.exoplatform.services.cms.templates.impl.TemplateConfig">
            <field name="nodeTypes">
              <collection type="java.util.ArrayList">
                <value>
                  <object type="org.exoplatform.services.cms.templates.impl.TemplateConfig$NodeType">
                    <field name="nodetypeName">
                      <string>nt:file</string>
                    </field>
                    <field name="documentTemplate">
                      <boolean>true</boolean>
                    </field>
                    <field name="label">
                      <string>File</string>
                    </field>
                    <field name="referencedView">
                      <collection type="java.util.ArrayList">
                        <value>
                          <object type="org.exoplatform.services.cms.templates.impl.TemplateConfig$Template">
                            <field name="templateFile">
                              <string>/file/views/view1.gtmpl</string>
                            </field>
                            <field name="roles">
                              <string>*</string>
                            </field>
                          </object>
                        </value>
                        <value>
                          <object type="org.exoplatform.services.cms.templates.impl.TemplateConfig$Template">
                            <field name="templateFile">
                              <string>/file/views/admin_view.gtmpl</string>
                            </field>
                            <field name="roles">
                              <string>*:/platform/administrators</string>
                            </field>
                          </object>
                        </value>
                      </collection>
                    </field>
                    <field name="referencedDialog">
                      <collection type="java.util.ArrayList">
                        <value>
                          <object type="org.exoplatform.services.cms.templates.impl.TemplateConfig$Template">
                            <field name="templateFile">
                              <string>/file/dialogs/dialog1.gtmpl</string>
                            </field>
                            <field name="roles">
                              <string>*</string>
                            </field>
                          </object>
                        </value>
                        <value>
                          <object type="org.exoplatform.services.cms.templates.impl.TemplateConfig$Template">
                            <field name="templateFile">
                              <string>/file/dialogs/admin_dialog.gtmpl</string>
                            </field>
                            <field name="roles">
                              <string>*:/platform/administrators</string>
                            </field>
                          </object>
                        </value>
                      </collection>
                    </field>
                  </object>
                </value>
                <value>
                  <object type="org.exoplatform.services.cms.templates.impl.TemplateConfig$NodeType">
                    <field name="nodetypeName">
                      <string>exo:article</string>
                    </field>
                    <field name="documentTemplate">
                      <boolean>true</boolean>
                    </field>
                    <field name="label">
                      <string>Article</string>
                    </field>
                    <field name="referencedView">
                      <collection type="java.util.ArrayList">
                        <value>
                          <object type="org.exoplatform.services.cms.templates.impl.TemplateConfig$Template">
                            <field name="templateFile">
                              <string>/article/views/view1.gtmpl</string>
                            </field>
                            <field name="roles">
                              <string>*</string>
                            </field>
                          </object>
                        </value>
                      </collection>
                    </field>
                    <field name="referencedDialog">
                      <collection type="java.util.ArrayList">
                        <value>
                          <object type="org.exoplatform.services.cms.templates.impl.TemplateConfig$Template">
                            <field name="templateFile">
                              <string>/article/dialogs/dialog1.gtmpl</string>
                            </field>
                            <field name="roles">
                              <string>*</string>
                            </field>
                          </object>
                        </value>
                      </collection>
                    </field>
                  </object>
                </value>
                <value>
                  <object type="org.exoplatform.services.cms.templates.impl.TemplateConfig$NodeType">
                    <field name="nodetypeName">
                      <string>exo:sample</string>
                    </field>
                    <field name="documentTemplate">
                      <boolean>true</boolean>
                    </field>
                    <field name="label">
                      <string>Sample node</string>
                    </field>
                    <field name="referencedView">
                      <collection type="java.util.ArrayList">
                        <value>
                          <object type="org.exoplatform.services.cms.templates.impl.TemplateConfig$Template">
                            <field name="templateFile">
                              <string>/sample/views/view1.gtmpl</string>
                            </field>
                            <field name="roles">
                              <string>*</string>
                            </field>
                          </object>
                        </value>
                      </collection>
                    </field>
                    <field name="referencedDialog">
                      <collection type="java.util.ArrayList">
                        <value>
                          <object type="org.exoplatform.services.cms.templates.impl.TemplateConfig$Template">
                            <field name="templateFile">
                              <string>/sample/dialogs/dialog1.gtmpl</string>
                            </field>
                            <field name="roles">
                              <string>*</string>
                            </field>
                          </object>
                        </value>
                      </collection>
                    </field>
                  </object>
                </value>
                <value>
                  <object type="org.exoplatform.services.cms.templates.impl.TemplateConfig$NodeType">
                    <field name="nodetypeName">
                      <string>exo:pictureOnHeadWebcontent</string>
                    </field>
                    <field name="documentTemplate">
                      <boolean>true</boolean>
                    </field>
                    <field name="label">
                      <string>Illustrated Web Content</string>
                    </field>
                    <field name="referencedView">
                      <collection type="java.util.ArrayList">
                        <value>
                          <object type="org.exoplatform.services.cms.templates.impl.TemplateConfig$Template">
                            <field name="templateFile">
                              <string>/pictureOnHeadWebContent/views/view1.gtmpl</string>
                            </field>
                            <field name="roles">
                              <string>*</string>
                            </field>
                          </object>
                        </value>
                      </collection>
                    </field>
                    <field name="referencedDialog">
                      <collection type="java.util.ArrayList">
                        <value>
                          <object type="org.exoplatform.services.cms.templates.impl.TemplateConfig$Template">
                            <field name="templateFile">
                              <string>/pictureOnHeadWebContent/dialogs/dialog1.gtmpl</string>
                            </field>
                            <field name="roles">
                              <string>*:/platform/web-contributors</string>
                            </field>
                          </object>
                        </value>
                      </collection>
                    </field>
                  </object>
                </value>
                
                <value>
                  <object type="org.exoplatform.services.cms.templates.impl.TemplateConfig$NodeType">
                    <field name="nodetypeName">
                      <string>exo:webContent</string>
                    </field>
                    <field name="documentTemplate">
                      <boolean>true</boolean>
                    </field>
                    <field name="label">
                      <string>webcontent</string>
                    </field>
                    <field name="referencedDialog">
                      <collection type="java.util.ArrayList">
                        <value>
                          <object type="org.exoplatform.services.cms.templates.impl.TemplateConfig$Template">
                            <field name="templateFile">
                              <string>/webContent/dialogs/dialog1.gtmpl</string>
                            </field>
                            <field name="roles">
                              <string>*</string>
                            </field>
                          </object>
                        </value>
                      </collection>
                    </field>
                  </object>
                </value>
                
              </collection>
            </field>
          </object>
        </object-param>
      </init-params>
    </component-plugin>
	</external-component-plugins>   
	
  
</configuration>
